{"/Users/batos/frontend-project-46/flatdiff.js": {"path":"/Users/batos/frontend-project-46/flatdiff.js","all":false,"statementMap":{"0":{"start":{"line":1,"column":0},"end":{"line":1,"column":23}},"1":{"start":{"line":2,"column":0},"end":{"line":2,"column":0}},"2":{"start":{"line":3,"column":0},"end":{"line":3,"column":35}},"3":{"start":{"line":4,"column":0},"end":{"line":4,"column":52}},"4":{"start":{"line":5,"column":0},"end":{"line":5,"column":66}},"5":{"start":{"line":6,"column":0},"end":{"line":6,"column":66}},"6":{"start":{"line":7,"column":0},"end":{"line":7,"column":48}},"7":{"start":{"line":8,"column":0},"end":{"line":8,"column":30}},"8":{"start":{"line":9,"column":0},"end":{"line":9,"column":36}},"9":{"start":{"line":10,"column":0},"end":{"line":10,"column":41}},"10":{"start":{"line":11,"column":0},"end":{"line":11,"column":32}},"11":{"start":{"line":12,"column":0},"end":{"line":12,"column":14}},"12":{"start":{"line":13,"column":0},"end":{"line":13,"column":32}},"13":{"start":{"line":14,"column":0},"end":{"line":14,"column":37}},"14":{"start":{"line":15,"column":0},"end":{"line":15,"column":7}},"15":{"start":{"line":16,"column":0},"end":{"line":16,"column":12}},"16":{"start":{"line":17,"column":0},"end":{"line":17,"column":30}},"17":{"start":{"line":18,"column":0},"end":{"line":18,"column":5}},"18":{"start":{"line":19,"column":0},"end":{"line":19,"column":15}},"19":{"start":{"line":20,"column":0},"end":{"line":20,"column":9}},"20":{"start":{"line":21,"column":0},"end":{"line":21,"column":46}},"21":{"start":{"line":22,"column":0},"end":{"line":22,"column":30}},"22":{"start":{"line":23,"column":0},"end":{"line":23,"column":37}},"23":{"start":{"line":24,"column":0},"end":{"line":24,"column":30}},"24":{"start":{"line":25,"column":0},"end":{"line":25,"column":5}},"25":{"start":{"line":26,"column":0},"end":{"line":26,"column":15}},"26":{"start":{"line":27,"column":0},"end":{"line":27,"column":9}},"27":{"start":{"line":28,"column":0},"end":{"line":28,"column":9}},"28":{"start":{"line":29,"column":0},"end":{"line":29,"column":102}},"29":{"start":{"line":30,"column":0},"end":{"line":30,"column":47}},"30":{"start":{"line":31,"column":0},"end":{"line":31,"column":16}},"31":{"start":{"line":32,"column":0},"end":{"line":32,"column":2}},"32":{"start":{"line":33,"column":0},"end":{"line":33,"column":0}},"33":{"start":{"line":34,"column":0},"end":{"line":34,"column":23}}},"s":{"0":1,"1":1,"2":1,"3":1,"4":1,"5":1,"6":1,"7":4,"8":4,"9":2,"10":1,"11":1,"12":1,"13":1,"14":1,"15":2,"16":2,"17":2,"18":4,"19":1,"20":1,"21":3,"22":3,"23":1,"24":1,"25":3,"26":1,"27":1,"28":1,"29":1,"30":1,"31":1,"32":1,"33":1},"branchMap":{"0":{"type":"branch","line":3,"loc":{"start":{"line":3,"column":16},"end":{"line":32,"column":2}},"locations":[{"start":{"line":3,"column":16},"end":{"line":32,"column":2}}]},"1":{"type":"branch","line":5,"loc":{"start":{"line":5,"column":52},"end":{"line":5,"column":63}},"locations":[{"start":{"line":5,"column":52},"end":{"line":5,"column":63}}]},"2":{"type":"branch","line":6,"loc":{"start":{"line":6,"column":52},"end":{"line":6,"column":63}},"locations":[{"start":{"line":6,"column":52},"end":{"line":6,"column":63}}]},"3":{"type":"branch","line":7,"loc":{"start":{"line":7,"column":32},"end":{"line":20,"column":3}},"locations":[{"start":{"line":7,"column":32},"end":{"line":20,"column":3}}]},"4":{"type":"branch","line":9,"loc":{"start":{"line":9,"column":35},"end":{"line":18,"column":5}},"locations":[{"start":{"line":9,"column":35},"end":{"line":18,"column":5}}]},"5":{"type":"branch","line":10,"loc":{"start":{"line":10,"column":40},"end":{"line":15,"column":7}},"locations":[{"start":{"line":10,"column":40},"end":{"line":15,"column":7}}]},"6":{"type":"branch","line":21,"loc":{"start":{"line":21,"column":30},"end":{"line":27,"column":3}},"locations":[{"start":{"line":21,"column":30},"end":{"line":27,"column":3}}]},"7":{"type":"branch","line":23,"loc":{"start":{"line":23,"column":36},"end":{"line":25,"column":5}},"locations":[{"start":{"line":23,"column":36},"end":{"line":25,"column":5}}]},"8":{"type":"branch","line":29,"loc":{"start":{"line":29,"column":63},"end":{"line":29,"column":101}},"locations":[{"start":{"line":29,"column":63},"end":{"line":29,"column":101}}]}},"b":{"0":[1],"1":[4],"2":[3],"3":[4],"4":[2],"5":[1],"6":[3],"7":[1],"8":[6]},"fnMap":{"0":{"name":"genDiff","decl":{"start":{"line":3,"column":16},"end":{"line":32,"column":2}},"loc":{"start":{"line":3,"column":16},"end":{"line":32,"column":2}},"line":3}},"f":{"0":1}}
}
